<?xml version="1.0" encoding="UTF-8"?>
<testng-results ignored="1" total="2" passed="1" failed="0" skipped="0">
  <reporter-output>
  </reporter-output>
  <suite started-at="2024-05-17T11:53:56 IST" name="Default suite" finished-at="2024-05-17T11:54:14 IST" duration-ms="18560">
    <groups>
    </groups>
    <test started-at="2024-05-17T11:53:56 IST" name="Default test" finished-at="2024-05-17T11:54:14 IST" duration-ms="18560">
      <class name="com.comcast.crm.assertiontest.ContactAssertionTest">
        <test-method is-config="true" signature="configBS()[pri:0, instance:com.comcast.crm.assertiontest.ContactAssertionTest@7ea9e1e2]" started-at="2024-05-17T11:53:55 IST" name="configBS" finished-at="2024-05-17T11:53:56 IST" duration-ms="428" status="PASS">
          <reporter-output>
          </reporter-output>
        </test-method> <!-- configBS -->
        <test-method is-config="true" signature="configBC()[pri:0, instance:com.comcast.crm.assertiontest.ContactAssertionTest@7ea9e1e2]" started-at="2024-05-17T11:53:56 IST" name="configBC" finished-at="2024-05-17T11:53:58 IST" duration-ms="2011" status="PASS">
          <reporter-output>
          </reporter-output>
        </test-method> <!-- configBC -->
        <test-method is-config="true" signature="configBM()[pri:0, instance:com.comcast.crm.assertiontest.ContactAssertionTest@7ea9e1e2]" started-at="2024-05-17T11:53:58 IST" name="configBM" finished-at="2024-05-17T11:54:01 IST" duration-ms="3567" status="PASS">
          <reporter-output>
          </reporter-output>
        </test-method> <!-- configBM -->
        <test-method signature="createContactTest()[pri:0, instance:com.comcast.crm.assertiontest.ContactAssertionTest@7ea9e1e2]" started-at="2024-05-17T11:54:01 IST" name="createContactTest" finished-at="2024-05-17T11:54:12 IST" duration-ms="10758" status="PASS">
          <reporter-output>
          </reporter-output>
        </test-method> <!-- createContactTest -->
        <test-method is-config="true" signature="configAM()[pri:0, instance:com.comcast.crm.assertiontest.ContactAssertionTest@7ea9e1e2]" started-at="2024-05-17T11:54:12 IST" name="configAM" finished-at="2024-05-17T11:54:14 IST" duration-ms="1906" status="PASS">
          <reporter-output>
          </reporter-output>
        </test-method> <!-- configAM -->
        <test-method is-config="true" signature="configAC()[pri:0, instance:com.comcast.crm.assertiontest.ContactAssertionTest@7ea9e1e2]" started-at="2024-05-17T11:54:14 IST" name="configAC" finished-at="2024-05-17T11:54:14 IST" duration-ms="272" status="PASS">
          <reporter-output>
          </reporter-output>
        </test-method> <!-- configAC -->
        <test-method is-config="true" signature="configAS()[pri:0, instance:com.comcast.crm.assertiontest.ContactAssertionTest@7ea9e1e2]" started-at="2024-05-17T11:54:14 IST" name="configAS" finished-at="2024-05-17T11:54:14 IST" duration-ms="0" status="PASS">
          <reporter-output>
          </reporter-output>
        </test-method> <!-- configAS -->
      </class> <!-- com.comcast.crm.assertiontest.ContactAssertionTest -->
    </test> <!-- Default test -->
  </suite> <!-- Default suite -->
</testng-results>
